<?xml version="1.0" encoding="UTF-8"?>
<testsuite xmlns:xsi="http://www.w3.org/2001/XMLSchema-instance" xsi:noNamespaceSchemaLocation="https://maven.apache.org/surefire/maven-surefire-plugin/xsd/surefire-test-report-3.0.xsd" version="3.0" name="com.camexpert.threading.ThreadingManagerTest" time="0.136" tests="14" errors="0" skipped="0" failures="0">
  <properties>
[...]
</properties>
  <testcase name="submit_failedJobTransitionsToFailed" classname="com.camexpert.threading.ThreadingManagerTest" time="0.071">
    <system-err><![CDATA[Mar 25, 2026 12:24:05 AM com.camexpert.threading.ThreadingManager lambda$submit$1
WARNING: Job failed: 5441bb46-6c17-4d76-89fc-5134925725bc
java.lang.RuntimeException: intentional failure
	at com.camexpert.threading.ThreadingManagerTest.lambda$submit_failedJobTransitionsToFailed$4(ThreadingManagerTest.java:66)
	at com.camexpert.threading.ThreadingManager.lambda$submit$1(ThreadingManager.java:108)
	at java.base/java.util.concurrent.Executors$RunnableAdapter.call(Executors.java:539)
	at java.base/java.util.concurrent.FutureTask.run(FutureTask.java:264)
	at java.base/java.util.concurrent.ThreadPoolExecutor.runWorker(ThreadPoolExecutor.java:1136)
	at java.base/java.util.concurrent.ThreadPoolExecutor$Worker.run(ThreadPoolExecutor.java:635)
	at java.base/java.lang.Thread.run(Thread.java:840)

Mar 25, 2026 12:24:05 AM com.camexpert.threading.ThreadingManager submit
INFO: Submitted job: 5441bb46-6c17-4d76-89fc-5134925725bc [fail]
]]></system-err>
  </testcase>
  <testcase name="getJob_unknownIdReturnsNull" classname="com.camexpert.threading.ThreadingManagerTest" time="0.002"/>
  <testcase name="submit_multipleJobsRunConcurrently" classname="com.camexpert.threading.ThreadingManagerTest" time="0.005">
    <system-err><![CDATA[Mar 25, 2026 12:24:06 AM com.camexpert.threading.ThreadingManager submit
INFO: Submitted job: 334504a8-7af0-404d-bdfb-beeac39619f4 [job1]
Mar 25, 2026 12:24:06 AM com.camexpert.threading.ThreadingManager submit
INFO: Submitted job: 0531c7f1-b1e5-4e56-9bfa-26a196559b10 [job2]
]]></system-err>
  </testcase>
  <testcase name="constructor_rejectsNullExecutor" classname="com.camexpert.threading.ThreadingManagerTest" time="0.002"/>
  <testcase name="constructor_rejectsZeroThreads" classname="com.camexpert.threading.ThreadingManagerTest" time="0.003"/>
  <testcase name="computationJob_blankIdThrows" classname="com.camexpert.threading.ThreadingManagerTest" time="0.001"/>
  <testcase name="computationJob_initialStatusIsQueued" classname="com.camexpert.threading.ThreadingManagerTest" time="0.001"/>
  <testcase name="submit_completesSuccessfully" classname="com.camexpert.threading.ThreadingManagerTest" time="0.003">
    <system-err><![CDATA[Mar 25, 2026 12:24:06 AM com.camexpert.threading.ThreadingManager submit
INFO: Submitted job: c61751fd-304d-4bed-9006-edb183d9d6df [add]
]]></system-err>
  </testcase>
  <testcase name="submit_jobAppearsInGetJobs" classname="com.camexpert.threading.ThreadingManagerTest" time="0.003">
    <system-err><![CDATA[Mar 25, 2026 12:24:06 AM com.camexpert.threading.ThreadingManager submit
INFO: Submitted job: 1f37800b-f08c-48aa-8fe2-778f98f98eb9 [label]
]]></system-err>
  </testcase>
  <testcase name="submit_nullCallableThrows" classname="com.camexpert.threading.ThreadingManagerTest" time="0.001"/>
  <testcase name="cancel_queuedJobTransitionsToCancelled" classname="com.camexpert.threading.ThreadingManagerTest" time="0.003">
    <system-err><![CDATA[Mar 25, 2026 12:24:06 AM com.camexpert.threading.ThreadingManager submit
INFO: Submitted job: c61972d1-e42b-45ee-8110-18453d677b85 [blocker]
Mar 25, 2026 12:24:06 AM com.camexpert.threading.ThreadingManager submit
INFO: Submitted job: f75b7560-af44-4a24-812e-79bb933daa78 [queued]
]]></system-err>
  </testcase>
  <testcase name="getJob_returnsCorrectJob" classname="com.camexpert.threading.ThreadingManagerTest" time="0.002">
    <system-err><![CDATA[Mar 25, 2026 12:24:06 AM com.camexpert.threading.ThreadingManager submit
INFO: Submitted job: decc8783-9e5f-4249-b69b-68cc749263a9 [lookup]
]]></system-err>
  </testcase>
  <testcase name="cancel_runningJobInterruptsThread" classname="com.camexpert.threading.ThreadingManagerTest" time="0.002">
    <system-err><![CDATA[Mar 25, 2026 12:24:06 AM com.camexpert.threading.ThreadingManager submit
INFO: Submitted job: d83efce5-a7ff-4fcf-97c4-897c2c9c71f1 [long-calc]
]]></system-err>
  </testcase>
  <testcase name="computationJob_cancelFromQueued" classname="com.camexpert.threading.ThreadingManagerTest" time="0.001"/>
</testsuite>