<?xml version="1.0" encoding="UTF-8"?>
<testsuite xmlns:xsi="http://www.w3.org/2001/XMLSchema-instance" xsi:noNamespaceSchemaLocation="https://maven.apache.org/surefire/maven-surefire-plugin/xsd/surefire-test-report-3.0.xsd" version="3.0" name="com.camexpert.plugin.PluginLoaderTest" time="0.081" tests="6" errors="0" skipped="0" failures="0">
  <properties>
[...]
</properties>
  <testcase name="loadFromDirectory_throwsForNonDirectory(File)" classname="com.camexpert.plugin.PluginLoaderTest" time="0.036"/>
  <testcase name="loadFromClasspath_returnsEmptyListWhenNoSpiImplementationsPresent" classname="com.camexpert.plugin.PluginLoaderTest" time="0.002"/>
  <testcase name="loadFromDirectory_emptyDirectoryProducesNoPlugins(File)" classname="com.camexpert.plugin.PluginLoaderTest" time="0.03">
    <system-err><![CDATA[Mar 25, 2026 12:24:04 AM com.camexpert.plugin.PluginLoader loadFromDirectory
INFO: No plugin JARs found in: /tmp/junit1034005528326998309
]]></system-err>
  </testcase>
  <testcase name="shutdownAll_clearsList" classname="com.camexpert.plugin.PluginLoaderTest" time="0.002"/>
  <testcase name="getPlugins_returnsUnmodifiableList" classname="com.camexpert.plugin.PluginLoaderTest" time="0.001"/>
  <testcase name="loadFromDirectory_throwsForNullDirectory" classname="com.camexpert.plugin.PluginLoaderTest" time="0.002"/>
</testsuite>