<?xml version="1.0" encoding="UTF-8"?>
<testsuite xmlns:xsi="http://www.w3.org/2001/XMLSchema-instance" xsi:noNamespaceSchemaLocation="https://maven.apache.org/surefire/maven-surefire-plugin/xsd/surefire-test-report-3.0.xsd" version="3.0" name="com.camexpert.kernel.GeometryKernelTest" time="0.143" tests="23" errors="0" skipped="0" failures="0">
  <properties>
[...]
</properties>
  <testcase name="bridge_importStep_stubReturnsBRepModel" classname="com.camexpert.kernel.GeometryKernelTest" time="0.068">
    <system-err><![CDATA[Mar 25, 2026 12:24:05 AM com.camexpert.kernel.jni.GeometryKernelBridge <clinit>
WARNING: Native geometry kernel library not found; using Java stub. no camkernel in java.library.path: /usr/java/packages/lib:/usr/lib64:/lib64:/lib:/usr/lib
]]></system-err>
  </testcase>
  <testcase name="tessellator_invalidToleranceThrows" classname="com.camexpert.kernel.GeometryKernelTest" time="0.003"/>
  <testcase name="tessellator_emptyModelProducesEmptyMesh" classname="com.camexpert.kernel.GeometryKernelTest" time="0.002"/>
  <testcase name="healer_nullModelThrows" classname="com.camexpert.kernel.GeometryKernelTest" time="0.002"/>
  <testcase name="tessellator_disposedModelThrows" classname="com.camexpert.kernel.GeometryKernelTest" time="0.001"/>
  <testcase name="bRepModel_addAndRetrieveFaces" classname="com.camexpert.kernel.GeometryKernelTest" time="0.003"/>
  <testcase name="tessellator_nullModelThrows" classname="com.camexpert.kernel.GeometryKernelTest" time="0.002"/>
  <testcase name="tessellator_oneFaceProducesTwoTriangles" classname="com.camexpert.kernel.GeometryKernelTest" time="0.001"/>
  <testcase name="tessellationMesh_vertexAndTriangleStorage" classname="com.camexpert.kernel.GeometryKernelTest" time="0.001"/>
  <testcase name="bRepFace_normalDirection_defaultAndSet" classname="com.camexpert.kernel.GeometryKernelTest" time="0.002"/>
  <testcase name="bridge_healGeometry_stubMarksModelWaterTight" classname="com.camexpert.kernel.GeometryKernelTest" time="0.001"/>
  <testcase name="healer_nullBridgeThrows" classname="com.camexpert.kernel.GeometryKernelTest" time="0.001"/>
  <testcase name="healer_invalidToleranceThrows" classname="com.camexpert.kernel.GeometryKernelTest" time="0.001"/>
  <testcase name="bRepEdge_invalidVertexThrows" classname="com.camexpert.kernel.GeometryKernelTest" time="0.002"/>
  <testcase name="bRepEdge_length_calculatedCorrectly" classname="com.camexpert.kernel.GeometryKernelTest" time="0.001"/>
  <testcase name="bRepModel_dispose_preventsUse" classname="com.camexpert.kernel.GeometryKernelTest" time="0.001"/>
  <testcase name="bridge_tessellate_nullModelThrows" classname="com.camexpert.kernel.GeometryKernelTest" time="0.002"/>
  <testcase name="bridge_healGeometry_invalidToleranceThrows" classname="com.camexpert.kernel.GeometryKernelTest" time="0.002"/>
  <testcase name="healer_disposedModelThrows" classname="com.camexpert.kernel.GeometryKernelTest" time="0.001"/>
  <testcase name="healer_modelWithNoGapsIsWaterTight" classname="com.camexpert.kernel.GeometryKernelTest" time="0.007">
    <system-err><![CDATA[Mar 25, 2026 12:24:05 AM com.camexpert.kernel.healing.GeometryHealer heal
INFO: Gap detection found 0 gap(s) in model fbb64d51-c283-4be4-a552-1ed2f7725b1f
Mar 25, 2026 12:24:05 AM com.camexpert.kernel.healing.GeometryHealer heal
INFO: Stitched 0 gap(s)
]]></system-err>
  </testcase>
  <testcase name="healer_detectsGapBetweenAdjacentFaces" classname="com.camexpert.kernel.GeometryKernelTest" time="0.003">
    <system-err><![CDATA[Mar 25, 2026 12:24:05 AM com.camexpert.kernel.healing.GeometryHealer heal
INFO: Gap detection found 1 gap(s) in model 8261f152-1205-4d8c-a25f-54d177d263c1
Mar 25, 2026 12:24:05 AM com.camexpert.kernel.healing.GeometryHealer heal
INFO: Stitched 1 gap(s)
]]></system-err>
  </testcase>
  <testcase name="bRepModel_initiallyNotWaterTight" classname="com.camexpert.kernel.GeometryKernelTest" time="0.001"/>
  <testcase name="bridge_importStep_nullThrows" classname="com.camexpert.kernel.GeometryKernelTest" time="0.001"/>
</testsuite>