<?xml version="1.0" encoding="UTF-8"?>
<testsuite xmlns:xsi="http://www.w3.org/2001/XMLSchema-instance" xsi:noNamespaceSchemaLocation="https://maven.apache.org/surefire/maven-surefire-plugin/xsd/surefire-test-report-3.0.xsd" version="3.0" name="com.camexpert.database.ToolDatabaseTest" time="0.383" tests="15" errors="0" skipped="0" failures="0">
  <properties>
[...]
</properties>
  <testcase name="toolAssembly_deleteById" classname="com.camexpert.database.ToolDatabaseTest" time="0.232">
    <system-err><![CDATA[Mar 25, 2026 12:24:06 AM com.camexpert.database.ToolDatabase initialize
INFO: ToolDatabase initialised: jdbc:h2:mem:test-2860094181905;DB_CLOSE_DELAY=-1
Mar 25, 2026 12:24:06 AM com.camexpert.database.ToolDatabase close
INFO: ToolDatabase closed.
]]></system-err>
  </testcase>
  <testcase name="cuttingGeometry_findById_returnsEmpty_forMissingId" classname="com.camexpert.database.ToolDatabaseTest" time="0.011">
    <system-err><![CDATA[Mar 25, 2026 12:24:06 AM com.camexpert.database.ToolDatabase initialize
INFO: ToolDatabase initialised: jdbc:h2:mem:test-2860317743426;DB_CLOSE_DELAY=-1
Mar 25, 2026 12:24:06 AM com.camexpert.database.ToolDatabase close
INFO: ToolDatabase closed.
]]></system-err>
  </testcase>
  <testcase name="collisionMesh_invalidSegmentsThrows" classname="com.camexpert.database.ToolDatabaseTest" time="0.012">
    <system-err><![CDATA[Mar 25, 2026 12:24:06 AM com.camexpert.database.ToolDatabase initialize
INFO: ToolDatabase initialised: jdbc:h2:mem:test-2860328938302;DB_CLOSE_DELAY=-1
Mar 25, 2026 12:24:06 AM com.camexpert.database.ToolDatabase close
INFO: ToolDatabase closed.
]]></system-err>
  </testcase>
  <testcase name="cuttingGeometry_deleteById" classname="com.camexpert.database.ToolDatabaseTest" time="0.01">
    <system-err><![CDATA[Mar 25, 2026 12:24:06 AM com.camexpert.database.ToolDatabase initialize
INFO: ToolDatabase initialised: jdbc:h2:mem:test-2860342090635;DB_CLOSE_DELAY=-1
Mar 25, 2026 12:24:06 AM com.camexpert.database.ToolDatabase close
INFO: ToolDatabase closed.
]]></system-err>
  </testcase>
  <testcase name="collisionMesh_nullArgumentsThrow" classname="com.camexpert.database.ToolDatabaseTest" time="0.009">
    <system-err><![CDATA[Mar 25, 2026 12:24:06 AM com.camexpert.database.ToolDatabase initialize
INFO: ToolDatabase initialised: jdbc:h2:mem:test-2860353309266;DB_CLOSE_DELAY=-1
Mar 25, 2026 12:24:06 AM com.camexpert.database.ToolDatabase close
INFO: ToolDatabase closed.
]]></system-err>
  </testcase>
  <testcase name="holder_saveAndFindById" classname="com.camexpert.database.ToolDatabaseTest" time="0.01">
    <system-err><![CDATA[Mar 25, 2026 12:24:06 AM com.camexpert.database.ToolDatabase initialize
INFO: ToolDatabase initialised: jdbc:h2:mem:test-2860362824342;DB_CLOSE_DELAY=-1
Mar 25, 2026 12:24:06 AM com.camexpert.database.ToolDatabase close
INFO: ToolDatabase closed.
]]></system-err>
  </testcase>
  <testcase name="toolAssembly_saveAndFindById" classname="com.camexpert.database.ToolDatabaseTest" time="0.01">
    <system-err><![CDATA[Mar 25, 2026 12:24:06 AM com.camexpert.database.ToolDatabase initialize
INFO: ToolDatabase initialised: jdbc:h2:mem:test-2860373562180;DB_CLOSE_DELAY=-1
Mar 25, 2026 12:24:06 AM com.camexpert.database.ToolDatabase close
INFO: ToolDatabase closed.
]]></system-err>
  </testcase>
  <testcase name="holder_deleteById" classname="com.camexpert.database.ToolDatabaseTest" time="0.008">
    <system-err><![CDATA[Mar 25, 2026 12:24:06 AM com.camexpert.database.ToolDatabase initialize
INFO: ToolDatabase initialised: jdbc:h2:mem:test-2860383623568;DB_CLOSE_DELAY=-1
Mar 25, 2026 12:24:06 AM com.camexpert.database.ToolDatabase close
INFO: ToolDatabase closed.
]]></system-err>
  </testcase>
  <testcase name="cuttingGeometry_saveAndFindById" classname="com.camexpert.database.ToolDatabaseTest" time="0.008">
    <system-err><![CDATA[Mar 25, 2026 12:24:06 AM com.camexpert.database.ToolDatabase initialize
INFO: ToolDatabase initialised: jdbc:h2:mem:test-2860393329122;DB_CLOSE_DELAY=-1
Mar 25, 2026 12:24:06 AM com.camexpert.database.ToolDatabase close
INFO: ToolDatabase closed.
]]></system-err>
  </testcase>
  <testcase name="toolAssembly_findByCuttingGeometryId" classname="com.camexpert.database.ToolDatabaseTest" time="0.009">
    <system-err><![CDATA[Mar 25, 2026 12:24:06 AM com.camexpert.database.ToolDatabase initialize
INFO: ToolDatabase initialised: jdbc:h2:mem:test-2860401616870;DB_CLOSE_DELAY=-1
Mar 25, 2026 12:24:06 AM com.camexpert.database.ToolDatabase close
INFO: ToolDatabase closed.
]]></system-err>
  </testcase>
  <testcase name="getConnection_throwsIfNotInitialised" classname="com.camexpert.database.ToolDatabaseTest" time="0.006">
    <system-err><![CDATA[Mar 25, 2026 12:24:06 AM com.camexpert.database.ToolDatabase initialize
INFO: ToolDatabase initialised: jdbc:h2:mem:test-2860411327471;DB_CLOSE_DELAY=-1
Mar 25, 2026 12:24:06 AM com.camexpert.database.ToolDatabase close
INFO: ToolDatabase closed.
]]></system-err>
  </testcase>
  <testcase name="initialize_createsSchema" classname="com.camexpert.database.ToolDatabaseTest" time="0.006">
    <system-err><![CDATA[Mar 25, 2026 12:24:06 AM com.camexpert.database.ToolDatabase initialize
INFO: ToolDatabase initialised: jdbc:h2:mem:test-2860417651092;DB_CLOSE_DELAY=-1
Mar 25, 2026 12:24:06 AM com.camexpert.database.ToolDatabase close
INFO: ToolDatabase closed.
]]></system-err>
  </testcase>
  <testcase name="cuttingGeometry_findAll" classname="com.camexpert.database.ToolDatabaseTest" time="0.008">
    <system-err><![CDATA[Mar 25, 2026 12:24:06 AM com.camexpert.database.ToolDatabase initialize
INFO: ToolDatabase initialised: jdbc:h2:mem:test-2860424365962;DB_CLOSE_DELAY=-1
Mar 25, 2026 12:24:06 AM com.camexpert.database.ToolDatabase close
INFO: ToolDatabase closed.
]]></system-err>
  </testcase>
  <testcase name="holder_findAll" classname="com.camexpert.database.ToolDatabaseTest" time="0.007">
    <system-err><![CDATA[Mar 25, 2026 12:24:06 AM com.camexpert.database.ToolDatabase initialize
INFO: ToolDatabase initialised: jdbc:h2:mem:test-2860432367870;DB_CLOSE_DELAY=-1
Mar 25, 2026 12:24:06 AM com.camexpert.database.ToolDatabase close
INFO: ToolDatabase closed.
]]></system-err>
  </testcase>
  <testcase name="collisionMesh_generatesCorrectVertexAndTriangleCount" classname="com.camexpert.database.ToolDatabaseTest" time="0.007">
    <system-err><![CDATA[Mar 25, 2026 12:24:06 AM com.camexpert.database.ToolDatabase initialize
INFO: ToolDatabase initialised: jdbc:h2:mem:test-2860439229902;DB_CLOSE_DELAY=-1
Mar 25, 2026 12:24:06 AM com.camexpert.database.ToolDatabase close
INFO: ToolDatabase closed.
]]></system-err>
  </testcase>
</testsuite>